---------------------------------------------------------------
[ 2018-01-17T18:26:24+08:00 ] 127.0.0.1 127.0.0.1 GET /
[ info ] tp.com/ [运行时间：0.496028s][吞吐率：2.02req/s] [内存消耗：2,241.94kb] [文件加载：44]
[ info ] [ LANG ] C:\AppServ\www\tp\thinkphp\lang\zh-cn.php
[ info ] [ ROUTE ] array (
  'type' => 'module',
  'module' => 
  array (
    0 => '',
    1 => NULL,
    2 => NULL,
  ),
)
[ info ] [ HEADER ] array (
  'host' => 'tp.com',
  'connection' => 'keep-alive',
  'user-agent' => 'Mozilla/5.0 (Windows NT 6.1; WOW64) AppleWebKit/537.36 (KHTML, like Gecko) Chrome/63.0.3239.132 Safari/537.36',
  'upgrade-insecure-requests' => '1',
  'accept' => 'text/html,application/xhtml+xml,application/xml;q=0.9,image/webp,image/apng,*/*;q=0.8',
  'accept-encoding' => 'gzip, deflate',
  'accept-language' => 'zh-CN,zh;q=0.9',
  'cookie' => 'UM_distinctid=160f90c0b0569c-0c31ca58e994cf-454c092b-140000-160f90c0b064ad; CNZZDATA1261565474=983507521-1516003541-%7C1516003541',
)
[ info ] [ PARAM ] array (
)
[ info ] [ RUN ] app\index\controller\Index->index[ C:\AppServ\www\tp\xmyttz\index\controller\Index.php ]
[ info ] [ DB ] INIT mysql
[ info ] [ VIEW ] C:\AppServ\www\tp\public/../xmyttz/index\view\index\index.html [ array (
  0 => 'bg',
  1 => 'left',
  2 => 'pictures',
  3 => 'article',
  4 => 'mt_news',
) ]
[ info ] [ SESSION ] INIT array (
  'id' => '',
  'var_session_id' => '',
  'prefix' => 'think',
  'type' => '',
  'auto_start' => true,
)
[ info ] [ LOG ] INIT File
[ sql ] [ DB ] CONNECT:[ UseTime:0.012000s ] mysql:dbname=yingtou;host=127.0.0.1;port=3306;charset=utf8
[ sql ] [ SQL ] SHOW COLUMNS FROM `yt_banner` [ RunTime:0.132008s ]
[ sql ] [ SQL ] SELECT * FROM `yt_banner` WHERE  `del` = 0 ORDER BY `num` [ RunTime:0.001000s ]
[ sql ] [ SQL ] SELECT COUNT(*) AS tp_count FROM `yt_banner` WHERE  `del` = 0 LIMIT 1 [ RunTime:0.000000s ]
[ sql ] [ SQL ] SHOW COLUMNS FROM `yt_picture` [ RunTime:0.069004s ]
[ sql ] [ SQL ] SELECT * FROM `yt_picture` WHERE  `del` = 0  AND (  index_show=1 ) ORDER BY `serial` LIMIT 3 [ RunTime:0.001000s ]
[ sql ] [ SQL ] SHOW COLUMNS FROM `yt_news` [ RunTime:0.053003s ]
[ sql ] [ SQL ] SELECT * FROM `yt_news` WHERE  `del` = 0 ORDER BY date desc LIMIT 3 [ RunTime:0.001000s ]
[ sql ] [ SQL ] SELECT * FROM `yt_news` WHERE  `del` = 0 ORDER BY date desc LIMIT 5 [ RunTime:0.002000s ]
---------------------------------------------------------------
[ 2018-01-17T18:26:24+08:00 ] 127.0.0.1 127.0.0.1 GET /
[ info ] tp.com/ [运行时间：0.067004s][吞吐率：14.92req/s] [内存消耗：2,241.95kb] [文件加载：44]
[ info ] [ LANG ] C:\AppServ\www\tp\thinkphp\lang\zh-cn.php
[ info ] [ ROUTE ] array (
  'type' => 'module',
  'module' => 
  array (
    0 => '',
    1 => NULL,
    2 => NULL,
  ),
)
[ info ] [ HEADER ] array (
  'host' => 'tp.com',
  'connection' => 'keep-alive',
  'user-agent' => 'Mozilla/5.0 (Windows NT 6.1; WOW64) AppleWebKit/537.36 (KHTML, like Gecko) Chrome/63.0.3239.132 Safari/537.36',
  'upgrade-insecure-requests' => '1',
  'accept' => 'text/html,application/xhtml+xml,application/xml;q=0.9,image/webp,image/apng,*/*;q=0.8',
  'accept-encoding' => 'gzip, deflate',
  'accept-language' => 'zh-CN,zh;q=0.9',
  'cookie' => 'UM_distinctid=160f90c0b0569c-0c31ca58e994cf-454c092b-140000-160f90c0b064ad; CNZZDATA1261565474=983507521-1516003541-%7C1516003541',
)
[ info ] [ PARAM ] array (
)
[ info ] [ RUN ] app\index\controller\Index->index[ C:\AppServ\www\tp\xmyttz\index\controller\Index.php ]
[ info ] [ DB ] INIT mysql
[ info ] [ VIEW ] C:\AppServ\www\tp\public/../xmyttz/index\view\index\index.html [ array (
  0 => 'bg',
  1 => 'left',
  2 => 'pictures',
  3 => 'article',
  4 => 'mt_news',
) ]
[ info ] [ SESSION ] INIT array (
  'id' => '',
  'var_session_id' => '',
  'prefix' => 'think',
  'type' => '',
  'auto_start' => true,
)
[ info ] [ LOG ] INIT File
[ sql ] [ DB ] CONNECT:[ UseTime:0.002001s ] mysql:dbname=yingtou;host=127.0.0.1;port=3306;charset=utf8
[ sql ] [ SQL ] SHOW COLUMNS FROM `yt_banner` [ RunTime:0.001000s ]
[ sql ] [ SQL ] SELECT * FROM `yt_banner` WHERE  `del` = 0 ORDER BY `num` [ RunTime:0.000000s ]
[ sql ] [ SQL ] SELECT COUNT(*) AS tp_count FROM `yt_banner` WHERE  `del` = 0 LIMIT 1 [ RunTime:0.000000s ]
[ sql ] [ SQL ] SHOW COLUMNS FROM `yt_picture` [ RunTime:0.002000s ]
[ sql ] [ SQL ] SELECT * FROM `yt_picture` WHERE  `del` = 0  AND (  index_show=1 ) ORDER BY `serial` LIMIT 3 [ RunTime:0.001000s ]
[ sql ] [ SQL ] SHOW COLUMNS FROM `yt_news` [ RunTime:0.001000s ]
[ sql ] [ SQL ] SELECT * FROM `yt_news` WHERE  `del` = 0 ORDER BY date desc LIMIT 3 [ RunTime:0.001000s ]
[ sql ] [ SQL ] SELECT * FROM `yt_news` WHERE  `del` = 0 ORDER BY date desc LIMIT 5 [ RunTime:0.001000s ]
---------------------------------------------------------------
[ 2018-01-17T18:26:25+08:00 ] 127.0.0.1 127.0.0.1 GET /favicon.ico
[ info ] tp.com/favicon.ico [运行时间：0.033002s][吞吐率：30.30req/s] [内存消耗：907.09kb] [文件加载：27]
[ info ] [ LANG ] C:\AppServ\www\tp\thinkphp\lang\zh-cn.php
[ info ] [ ROUTE ] array (
  'type' => 'module',
  'module' => 
  array (
    0 => 'favicon.ico',
    1 => NULL,
    2 => NULL,
  ),
)
[ info ] [ HEADER ] array (
  'host' => 'tp.com',
  'connection' => 'keep-alive',
  'user-agent' => 'Mozilla/5.0 (Windows NT 6.1; WOW64) AppleWebKit/537.36 (KHTML, like Gecko) Chrome/63.0.3239.132 Safari/537.36',
  'accept' => 'image/webp,image/apng,image/*,*/*;q=0.8',
  'referer' => 'http://tp.com/',
  'accept-encoding' => 'gzip, deflate',
  'accept-language' => 'zh-CN,zh;q=0.9',
  'cookie' => 'UM_distinctid=160f90c0b0569c-0c31ca58e994cf-454c092b-140000-160f90c0b064ad; PHPSESSID=p3v4dlqpgslnevh812of1u0hm0; CNZZDATA1261565474=983507521-1516003541-%7C1516179428',
)
[ info ] [ PARAM ] array (
)
[ info ] [ LOG ] INIT File
